Build started 9/8/2017 11:16:02 PM.
     1>Project "D:\study\Project\QtDemo\QtDemo\QtDemo.vcxproj" on node 2 (Build target(s)).
     1>ClCompile:
         C:\Program Files (x86)\Microsoft Visual Studio 12.0\VC\bin\x86_amd64\CL.exe /c /I.\GeneratedFiles /I. /IC:\Qt\Qt5.6.0\5.6\msvc2013_64\include /I.\GeneratedFiles\Release /IC:\Qt\Qt5.6.0\5.6\msvc2013_64\include\QtCore /IC:\Qt\Qt5.6.0\5.6\msvc2013_64\include\QtGui /IC:\Qt\Qt5.6.0\5.6\msvc2013_64\include\QtOpenGL /IC:\Qt\Qt5.6.0\5.6\msvc2013_64\include\QtWidgets /I..\opencv\include /nologo /W1 /WX- /O2 /D UNICODE /D WIN32 /D WIN64 /D QT_DLL /D QT_NO_DEBUG /D NDEBUG /D QT_CORE_LIB /D QT_GUI_LIB /D QT_OPENGL_LIB /D QT_WIDGETS_LIB /Gm- /EHsc /MD /GS /fp:precise /Zc:wchar_t /Zc:forScope /Fo"x64\Release\\" /Fd"x64\Release\vc120.pdb" /Gd /TP /errorReport:prompt SyntheticData.cpp
         SyntheticData.cpp
       Link:
         C:\Program Files (x86)\Microsoft Visual Studio 12.0\VC\bin\x86_amd64\link.exe /ERRORREPORT:PROMPT /OUT:"D:\study\Project\QtDemo\x64\Release\\QtDemo.exe" /NOLOGO /LIBPATH:C:\Qt\Qt5.6.0\5.6\msvc2013_64\lib /LIBPATH:../opencv/lib qtmain.lib Qt5Core.lib Qt5Gui.lib Qt5OpenGL.lib opengl32.lib glu32.lib Qt5Widgets.lib opencv_calib3d2413.lib opencv_contrib2413.lib opencv_core2413.lib opencv_features2d2413.lib opencv_flann2413.lib opencv_gpu2413.lib opencv_highgui2413.lib opencv_imgproc2413.lib opencv_legacy2413.lib opencv_ml2413.lib opencv_nonfree2413.lib opencv_objdetect2413.lib opencv_ocl2413.lib opencv_photo2413.lib opencv_stitching2413.lib opencv_superres2413.lib opencv_ts2413.lib opencv_video2413.lib opencv_videostab2413.lib kernel32.lib user32.lib gdi32.lib winspool.lib comdlg32.lib advapi32.lib shell32.lib ole32.lib oleaut32.lib uuid.lib odbc32.lib odbccp32.lib /MANIFEST /MANIFESTUAC:"level='asInvoker' uiAccess='false'" /manifest:embed /PDB:"D:\study\Project\QtDemo\x64\Release\QtDemo.pdb" /SUBSYSTEM:CONSOLE /TLBID:1 /DYNAMICBASE /NXCOMPAT /IMPLIB:"D:\study\Project\QtDemo\x64\Release\QtDemo.lib" /MACHINE:X64 x64\Release\QtDemo.res
         x64\Release\Camera.obj
         x64\Release\qrc_MainWindow.obj
         x64\Release\moc_MainWindow.obj
         x64\Release\moc_Scenariogenerationdialog.obj
         x64\Release\moc_ViewWidget.obj
         x64\Release\global.obj
         x64\Release\GLWidget.obj
         x64\Release\gl_core_3_3.obj
         x64\Release\main.obj
         x64\Release\MainWindow.obj
         x64\Release\mesh.obj
         x64\Release\Scenariogenerationdialog.obj
         x64\Release\SyntheticData.obj
         x64\Release\util.obj
         x64\Release\ViewWidget.obj
         QtDemo.vcxproj -> D:\study\Project\QtDemo\x64\Release\QtDemo.exe
     1>Done Building Project "D:\study\Project\QtDemo\QtDemo\QtDemo.vcxproj" (Build target(s)).

Build succeeded.

Time Elapsed 00:00:03.07
